2025-05-23 03:32:21 - Failover iniciado:
- Nó falho: 0 (postgresql1:5433)
- Novo primário: postgresql2 (-1)
- Primário antigo: 5434
2025-05-23 03:37:21 - Failover iniciado:
- Nó falho: 0 (postgresql1:5433)
- Novo primário:  (-1)
- Primário antigo: 
2025-05-23 03:37:21 - Failover iniciado:
- Nó falho: 1 (postgresql2:5434)
- Novo primário:  (-1)
- Primário antigo: 
2025-05-24 02:09:27 - Failover iniciado:
- Nó falho: 0 (postgresql1:5433)
- Novo primário: postgresql2 (-1)
- Primário antigo: 5434
2025-05-24 02:14:27 - Failover iniciado:
- Nó falho: 0 (postgresql1:5433)
- Novo primário:  (-1)
- Primário antigo: 
2025-05-24 02:14:27 - Failover iniciado:
- Nó falho: 1 (postgresql2:5434)
- Novo primário:  (-1)
- Primário antigo: 
2025-05-24 15:25:27 - Failover iniciado:
- Nó falho: 0 (postgresql1:5433)
- Novo primário: postgresql2 (-1)
- Primário antigo: 5434
2025-05-24 15:30:27 - Failover iniciado:
- Nó falho: 0 (postgresql1:5433)
- Novo primário:  (-1)
- Primário antigo: 
2025-05-24 15:30:27 - Failover iniciado:
- Nó falho: 1 (postgresql2:5434)
- Novo primário:  (-1)
- Primário antigo: 
2025-05-24 19:12:34 - Failover iniciado:
- Nó falho: 1 (postgresql1:5434)
- Novo primário: postgresql0 (0)
- Primário antigo: 5433
2025-05-27 04:34:50 - Failover iniciado:
- Nó falho: 1 (postgresql1:5434)
- Novo primário: postgresql0 (0)
- Primário antigo: 5433
2025-05-28 03:05:53 - Failover iniciado:
- Nó falho: 1 (postgresql1:5434)
- Novo primário: postgresql0 (0)
- Primário antigo: 5433
