2025-06-08 23:10:00.234: main pid 6: LOG:  health_check_stats_shared_memory_size: requested size: 12288
2025-06-08 23:10:00.234: main pid 6: LOG:  memory cache initialized
2025-06-08 23:10:00.234: main pid 6: DETAIL:  memcache blocks :64
2025-06-08 23:10:00.234: main pid 6: LOG:  allocating (2182364264) bytes of shared memory segment
2025-06-08 23:10:00.234: main pid 6: LOG:  allocating shared memory segment of size: 2182364264 
2025-06-08 23:10:01.420: main pid 6: LOG:  health_check_stats_shared_memory_size: requested size: 12288
2025-06-08 23:10:01.420: main pid 6: LOG:  health_check_stats_shared_memory_size: requested size: 12288
2025-06-08 23:10:01.420: main pid 6: LOG:  memory cache initialized
2025-06-08 23:10:01.420: main pid 6: DETAIL:  memcache blocks :64
2025-06-08 23:10:01.424: main pid 6: LOG:  pool_discard_oid_maps: discarded memqcache oid maps
2025-06-08 23:10:01.434: main pid 6: LOG:  waiting for watchdog to initialize
2025-06-08 23:10:01.435: watchdog pid 10: LOG:  setting the local watchdog node name to "pgpool1:5431 Linux pgpool1"
2025-06-08 23:10:01.435: watchdog pid 10: LOG:  watchdog cluster is configured with 1 remote nodes
2025-06-08 23:10:01.435: watchdog pid 10: LOG:  watchdog remote node:0 on pgpool0:9000
2025-06-08 23:10:01.435: watchdog pid 10: LOG:  interface monitoring is disabled in watchdog
2025-06-08 23:10:01.436: watchdog pid 10: LOG:  watchdog node state changed from [DEAD] to [LOADING]
2025-06-08 23:10:01.436: watchdog pid 10: LOG:  new watchdog node connection is received from "172.21.0.8:44754"
2025-06-08 23:10:01.436: watchdog pid 10: LOG:  new outbound connection to pgpool0:9000 
2025-06-08 23:10:01.436: watchdog pid 10: LOG:  new node joined the cluster hostname:"pgpool0" port:9000 pgpool_port:5430
2025-06-08 23:10:01.436: watchdog pid 10: DETAIL:  Pgpool-II version:"4.6.1" watchdog messaging version: 1.2
2025-06-08 23:10:06.441: watchdog pid 10: LOG:  watchdog node state changed from [LOADING] to [JOINING]
2025-06-08 23:10:06.441: watchdog pid 10: LOG:  watchdog node state changed from [JOINING] to [INITIALIZING]
2025-06-08 23:10:07.442: watchdog pid 10: LOG:  watchdog node state changed from [INITIALIZING] to [STANDING FOR LEADER]
2025-06-08 23:10:07.442: watchdog pid 10: LOG:  our stand for coordinator request is rejected by node "pgpool0:5430 Linux pgpool0"
2025-06-08 23:10:07.442: watchdog pid 10: LOG:  watchdog node state changed from [STANDING FOR LEADER] to [PARTICIPATING IN ELECTION]
2025-06-08 23:10:12.447: watchdog pid 10: LOG:  watchdog node state changed from [PARTICIPATING IN ELECTION] to [JOINING]
2025-06-08 23:10:12.447: watchdog pid 10: LOG:  watchdog node state changed from [JOINING] to [INITIALIZING]
2025-06-08 23:10:13.448: watchdog pid 10: LOG:  watchdog node state changed from [INITIALIZING] to [STANDING FOR LEADER]
2025-06-08 23:10:13.448: watchdog pid 10: LOG:  our stand for coordinator request is rejected by node "pgpool0:5430 Linux pgpool0"
2025-06-08 23:10:13.448: watchdog pid 10: LOG:  watchdog node state changed from [STANDING FOR LEADER] to [PARTICIPATING IN ELECTION]
2025-06-08 23:10:17.452: watchdog pid 10: LOG:  watchdog node state changed from [PARTICIPATING IN ELECTION] to [INITIALIZING]
2025-06-08 23:10:17.452: watchdog pid 10: LOG:  setting the remote node "pgpool0:5430 Linux pgpool0" as watchdog cluster leader
2025-06-08 23:10:18.453: watchdog pid 10: LOG:  watchdog node state changed from [INITIALIZING] to [STANDBY]
2025-06-08 23:10:18.454: watchdog pid 10: LOG:  signal_user1_to_parent_with_reason(1)
2025-06-08 23:10:18.454: watchdog pid 10: LOG:  successfully joined the watchdog cluster as standby node
2025-06-08 23:10:18.454: watchdog pid 10: DETAIL:  our join coordinator request is accepted by cluster leader node "pgpool0:5430 Linux pgpool0"
2025-06-08 23:10:18.454: main pid 6: LOG:  watchdog process is initialized
2025-06-08 23:10:18.454: main pid 6: DETAIL:  watchdog messaging data version: 1.2
2025-06-08 23:10:18.454: watchdog pid 10: LOG:  signal_user1_to_parent_with_reason(3)
2025-06-08 23:10:18.455: main pid 6: LOG:  Pgpool-II parent process received SIGUSR1
2025-06-08 23:10:18.455: main pid 6: LOG:  Pgpool-II parent process received watchdog quorum change signal from watchdog
2025-06-08 23:10:18.455: life_check pid 28: LOG:  2 watchdog nodes are configured for lifecheck
2025-06-08 23:10:18.455: life_check pid 28: LOG:  watchdog nodes ID:1 Name:"pgpool1:5431 Linux pgpool1"
2025-06-08 23:10:18.455: life_check pid 28: DETAIL:  Host:"pgpool1" WD Port:9001 pgpool-II port:5431
2025-06-08 23:10:18.455: life_check pid 28: LOG:  watchdog nodes ID:0 Name:"pgpool0:5430 Linux pgpool0"
2025-06-08 23:10:18.455: life_check pid 28: DETAIL:  Host:"pgpool0" WD Port:9000 pgpool-II port:5430
2025-06-08 23:10:18.456: main pid 6: LOG:  watchdog cluster now holds the quorum
2025-06-08 23:10:18.456: main pid 6: DETAIL:  updating the state of quarantine backend nodes
2025-06-08 23:10:18.457: main pid 6: LOG:  Pgpool-II parent process received watchdog state change signal from watchdog
2025-06-08 23:10:18.457: main pid 6: LOG:  we have joined the watchdog cluster as STANDBY node
2025-06-08 23:10:18.457: main pid 6: DETAIL:  syncing the backend states from the LEADER watchdog node
2025-06-08 23:10:18.459: main pid 6: LOG:  leader watchdog node "pgpool0:5430 Linux pgpool0" returned status for 3 backend nodes
2025-06-08 23:10:18.459: main pid 6: LOG:  create socket files[0]: /tmp/.s.PGSQL.5431
2025-06-08 23:10:18.463: main pid 6: LOG:  listen address[0]: *
2025-06-08 23:10:18.463: main pid 6: LOG:  Setting up socket for 0.0.0.0:5431
2025-06-08 23:10:18.463: main pid 6: LOG:  Setting up socket for :::5431
2025-06-08 23:10:18.524: main pid 6: LOG:  create socket files[0]: /var/run/pgpool2/pcp/.s.PGSQL.9898
2025-06-08 23:10:18.572: main pid 6: LOG:  listen address[0]: *
2025-06-08 23:10:18.572: main pid 6: LOG:  Setting up socket for 0.0.0.0:9898
2025-06-08 23:10:18.572: main pid 6: LOG:  Setting up socket for :::9898
2025-06-08 23:10:18.601: pcp_main pid 131: LOG:  PCP process: 131 started
2025-06-08 23:10:18.601: sr_check_worker pid 132: LOG:  process started
2025-06-08 23:10:18.601: health_check pid 133: LOG:  process started
2025-06-08 23:10:18.602: health_check pid 134: LOG:  process started
2025-06-08 23:10:18.603: health_check pid 135: LOG:  process started
2025-06-08 23:10:18.613: main pid 6: LOG:  pgpool-II successfully started. version 4.6.1 (chirikoboshi)
2025-06-08 23:10:18.613: main pid 6: LOG:  node status[0]: 0
2025-06-08 23:10:18.613: main pid 6: LOG:  node status[1]: 0
2025-06-08 23:10:18.613: main pid 6: LOG:  node status[2]: 0
2025-06-08 23:10:19.456: heart_beat_receiver pid 29: LOG:  set SO_REUSEPORT option to the socket
2025-06-08 23:10:19.456: heart_beat_receiver pid 29: LOG:  creating watchdog heartbeat receive socket.
2025-06-08 23:10:19.456: heart_beat_receiver pid 29: DETAIL:  creating socket on ::1:9695
2025-06-08 23:10:19.456: heart_beat_receiver pid 29: LOG:  set SO_REUSEPORT option to the socket
2025-06-08 23:10:19.456: heart_beat_receiver pid 29: LOG:  creating watchdog heartbeat receive socket.
2025-06-08 23:10:19.456: heart_beat_receiver pid 29: DETAIL:  creating socket on 127.0.0.1:9695
2025-06-08 23:10:19.457: heart_beat_sender pid 30: LOG:  set SO_REUSEPORT option to the socket
2025-06-08 23:10:19.457: heart_beat_sender pid 30: LOG:  creating socket for sending heartbeat
2025-06-08 23:10:19.457: heart_beat_sender pid 30: DETAIL:  set SO_REUSEPORT
2025-06-08 23:10:20.414: child pid 124: LOG:  using clear text authentication with frontend
2025-06-08 23:10:20.414: child pid 124: DETAIL:  backend will still use md5 auth
2025-06-08 23:10:20.414: child pid 124: HINT:  you can disable this behavior by setting allow_clear_text_frontend_auth to off
2025-06-08 23:10:30.473: psql pid 124: LOG:  using clear text authentication with frontend
2025-06-08 23:10:30.473: psql pid 124: DETAIL:  backend will still use md5 auth
2025-06-08 23:10:30.473: psql pid 124: HINT:  you can disable this behavior by setting allow_clear_text_frontend_auth to off
2025-06-08 23:10:40.523: child pid 78: LOG:  using clear text authentication with frontend
2025-06-08 23:10:40.523: child pid 78: DETAIL:  backend will still use md5 auth
2025-06-08 23:10:40.523: child pid 78: HINT:  you can disable this behavior by setting allow_clear_text_frontend_auth to off
2025-06-08 23:10:50.574: child pid 75: LOG:  using clear text authentication with frontend
2025-06-08 23:10:50.574: child pid 75: DETAIL:  backend will still use md5 auth
2025-06-08 23:10:50.574: child pid 75: HINT:  you can disable this behavior by setting allow_clear_text_frontend_auth to off
2025-06-08 23:11:00.632: child pid 108: LOG:  using clear text authentication with frontend
2025-06-08 23:11:00.632: child pid 108: DETAIL:  backend will still use md5 auth
2025-06-08 23:11:00.632: child pid 108: HINT:  you can disable this behavior by setting allow_clear_text_frontend_auth to off
2025-06-08 23:11:10.695: child pid 46: LOG:  using clear text authentication with frontend
2025-06-08 23:11:10.695: child pid 46: DETAIL:  backend will still use md5 auth
2025-06-08 23:11:10.695: child pid 46: HINT:  you can disable this behavior by setting allow_clear_text_frontend_auth to off
2025-06-08 23:11:18.843: child pid 84: LOG:  using clear text authentication with frontend
2025-06-08 23:11:18.843: child pid 84: DETAIL:  backend will still use md5 auth
2025-06-08 23:11:18.843: child pid 84: HINT:  you can disable this behavior by setting allow_clear_text_frontend_auth to off
2025-06-08 23:11:18.923: child pid 88: LOG:  using clear text authentication with frontend
2025-06-08 23:11:18.923: child pid 88: DETAIL:  backend will still use md5 auth
2025-06-08 23:11:18.923: child pid 88: HINT:  you can disable this behavior by setting allow_clear_text_frontend_auth to off
2025-06-08 23:11:20.227: child pid 111: LOG:  using clear text authentication with frontend
2025-06-08 23:11:20.227: child pid 111: DETAIL:  backend will still use md5 auth
2025-06-08 23:11:20.227: child pid 111: HINT:  you can disable this behavior by setting allow_clear_text_frontend_auth to off
2025-06-08 23:11:20.245: child pid 65: LOG:  using clear text authentication with frontend
2025-06-08 23:11:20.245: child pid 65: DETAIL:  backend will still use md5 auth
2025-06-08 23:11:20.245: child pid 65: HINT:  you can disable this behavior by setting allow_clear_text_frontend_auth to off
2025-06-08 23:11:20.751: child pid 128: LOG:  using clear text authentication with frontend
2025-06-08 23:11:20.751: child pid 128: DETAIL:  backend will still use md5 auth
2025-06-08 23:11:20.751: child pid 128: HINT:  you can disable this behavior by setting allow_clear_text_frontend_auth to off
2025-06-08 23:11:27.773: child pid 104: LOG:  using clear text authentication with frontend
2025-06-08 23:11:27.773: child pid 104: DETAIL:  backend will still use md5 auth
2025-06-08 23:11:27.773: child pid 104: HINT:  you can disable this behavior by setting allow_clear_text_frontend_auth to off
2025-06-08 23:11:30.806: child pid 112: LOG:  using clear text authentication with frontend
2025-06-08 23:11:30.806: child pid 112: DETAIL:  backend will still use md5 auth
2025-06-08 23:11:30.806: child pid 112: HINT:  you can disable this behavior by setting allow_clear_text_frontend_auth to off
2025-06-08 23:11:40.864: psql pid 128: LOG:  using clear text authentication with frontend
2025-06-08 23:11:40.864: psql pid 128: DETAIL:  backend will still use md5 auth
2025-06-08 23:11:40.864: psql pid 128: HINT:  you can disable this behavior by setting allow_clear_text_frontend_auth to off
2025-06-08 23:11:50.920: child pid 34: LOG:  using clear text authentication with frontend
2025-06-08 23:11:50.920: child pid 34: DETAIL:  backend will still use md5 auth
2025-06-08 23:11:50.920: child pid 34: HINT:  you can disable this behavior by setting allow_clear_text_frontend_auth to off
2025-06-08 23:12:00.975: psql pid 112: LOG:  using clear text authentication with frontend
2025-06-08 23:12:00.975: psql pid 112: DETAIL:  backend will still use md5 auth
2025-06-08 23:12:00.975: psql pid 112: HINT:  you can disable this behavior by setting allow_clear_text_frontend_auth to off
2025-06-08 23:12:11.026: child pid 85: LOG:  using clear text authentication with frontend
2025-06-08 23:12:11.026: child pid 85: DETAIL:  backend will still use md5 auth
2025-06-08 23:12:11.026: child pid 85: HINT:  you can disable this behavior by setting allow_clear_text_frontend_auth to off
2025-06-08 23:12:21.074: child pid 66: LOG:  using clear text authentication with frontend
2025-06-08 23:12:21.074: child pid 66: DETAIL:  backend will still use md5 auth
2025-06-08 23:12:21.074: child pid 66: HINT:  you can disable this behavior by setting allow_clear_text_frontend_auth to off
2025-06-08 23:12:31.127: psql pid 85: LOG:  using clear text authentication with frontend
2025-06-08 23:12:31.127: psql pid 85: DETAIL:  backend will still use md5 auth
2025-06-08 23:12:31.127: psql pid 85: HINT:  you can disable this behavior by setting allow_clear_text_frontend_auth to off
2025-06-08 23:12:41.190: child pid 59: LOG:  using clear text authentication with frontend
2025-06-08 23:12:41.190: child pid 59: DETAIL:  backend will still use md5 auth
2025-06-08 23:12:41.190: child pid 59: HINT:  you can disable this behavior by setting allow_clear_text_frontend_auth to off
2025-06-08 23:12:51.240: psql pid 128: LOG:  using clear text authentication with frontend
2025-06-08 23:12:51.240: psql pid 128: DETAIL:  backend will still use md5 auth
2025-06-08 23:12:51.240: psql pid 128: HINT:  you can disable this behavior by setting allow_clear_text_frontend_auth to off
2025-06-08 23:12:55.616: child pid 95: LOG:  using clear text authentication with frontend
2025-06-08 23:12:55.616: child pid 95: DETAIL:  backend will still use md5 auth
2025-06-08 23:12:55.616: child pid 95: HINT:  you can disable this behavior by setting allow_clear_text_frontend_auth to off
2025-06-08 23:12:58.850: child pid 79: LOG:  using clear text authentication with frontend
2025-06-08 23:12:58.850: child pid 79: DETAIL:  backend will still use md5 auth
2025-06-08 23:12:58.850: child pid 79: HINT:  you can disable this behavior by setting allow_clear_text_frontend_auth to off
2025-06-08 23:13:01.303: psql pid 85: LOG:  using clear text authentication with frontend
2025-06-08 23:13:01.303: psql pid 85: DETAIL:  backend will still use md5 auth
2025-06-08 23:13:01.303: psql pid 85: HINT:  you can disable this behavior by setting allow_clear_text_frontend_auth to off
2025-06-08 23:13:11.367: child pid 58: LOG:  using clear text authentication with frontend
2025-06-08 23:13:11.367: child pid 58: DETAIL:  backend will still use md5 auth
2025-06-08 23:13:11.367: child pid 58: HINT:  you can disable this behavior by setting allow_clear_text_frontend_auth to off
2025-06-08 23:13:21.431: psql pid 46: LOG:  using clear text authentication with frontend
2025-06-08 23:13:21.431: psql pid 46: DETAIL:  backend will still use md5 auth
2025-06-08 23:13:21.431: psql pid 46: HINT:  you can disable this behavior by setting allow_clear_text_frontend_auth to off
2025-06-08 23:13:31.487: È ÏNhq pid 88: LOG:  using clear text authentication with frontend
2025-06-08 23:13:31.487: È ÏNhq pid 88: DETAIL:  backend will still use md5 auth
2025-06-08 23:13:31.487: È ÏNhq pid 88: HINT:  you can disable this behavior by setting allow_clear_text_frontend_auth to off
2025-06-08 23:13:41.545: child pid 96: LOG:  using clear text authentication with frontend
2025-06-08 23:13:41.545: child pid 96: DETAIL:  backend will still use md5 auth
2025-06-08 23:13:41.545: child pid 96: HINT:  you can disable this behavior by setting allow_clear_text_frontend_auth to off
2025-06-08 23:13:42.654: child pid 82: LOG:  using clear text authentication with frontend
2025-06-08 23:13:42.655: child pid 82: DETAIL:  backend will still use md5 auth
2025-06-08 23:13:42.655: child pid 82: HINT:  you can disable this behavior by setting allow_clear_text_frontend_auth to off
2025-06-08 23:13:51.602: child pid 109: LOG:  using clear text authentication with frontend
2025-06-08 23:13:51.602: child pid 109: DETAIL:  backend will still use md5 auth
2025-06-08 23:13:51.602: child pid 109: HINT:  you can disable this behavior by setting allow_clear_text_frontend_auth to off
2025-06-08 23:14:01.667: psql pid 109: LOG:  using clear text authentication with frontend
2025-06-08 23:14:01.667: psql pid 109: DETAIL:  backend will still use md5 auth
2025-06-08 23:14:01.667: psql pid 109: HINT:  you can disable this behavior by setting allow_clear_text_frontend_auth to off
2025-06-08 23:14:05.662: watchdog pid 10: LOG:  read from socket failed, remote end closed the connection
2025-06-08 23:14:05.662: watchdog pid 10: LOG:  client socket of pgpool0:5430 Linux pgpool0 is closed
2025-06-08 23:14:05.662: watchdog pid 10: LOG:  read from socket failed, remote end closed the connection
2025-06-08 23:14:05.662: watchdog pid 10: LOG:  outbound socket of pgpool0:5430 Linux pgpool0 is closed
2025-06-08 23:14:05.663: watchdog pid 10: LOG:  remote node "pgpool0:5430 Linux pgpool0" is not reachable
2025-06-08 23:14:05.663: watchdog pid 10: DETAIL:  marking the node as lost
2025-06-08 23:14:05.663: watchdog pid 10: LOG:  remote node "pgpool0:5430 Linux pgpool0" is lost
2025-06-08 23:14:05.663: watchdog pid 10: LOG:  watchdog cluster has lost the coordinator node
2025-06-08 23:14:05.663: watchdog pid 10: LOG:  removing the remote node "pgpool0:5430 Linux pgpool0" from watchdog cluster leader
2025-06-08 23:14:05.663: watchdog pid 10: LOG:  We have lost the cluster leader node "pgpool0:5430 Linux pgpool0"
2025-06-08 23:14:05.663: watchdog pid 10: LOG:  watchdog node state changed from [STANDBY] to [JOINING]
2025-06-08 23:14:07.257: watchdog pid 10: LOG:  new watchdog node connection is received from "172.21.0.8:50410"
2025-06-08 23:14:07.257: watchdog pid 10: LOG:  new node joined the cluster hostname:"pgpool0" port:9000 pgpool_port:5430
2025-06-08 23:14:07.257: watchdog pid 10: DETAIL:  Pgpool-II version:"4.6.1" watchdog messaging version: 1.2
2025-06-08 23:14:07.257: watchdog pid 10: LOG:  The newly joined node:"pgpool0:5430 Linux pgpool0" had left the cluster because it was lost
2025-06-08 23:14:07.257: watchdog pid 10: DETAIL:  lost reason was "NOT REACHABLE" and startup time diff = 246
2025-06-08 23:14:07.257: watchdog pid 10: LOG:  remote node "pgpool0:5430 Linux pgpool0" became reachable again
2025-06-08 23:14:07.257: watchdog pid 10: DETAIL:  requesting the node info
2025-06-08 23:14:08.258: watchdog pid 10: LOG:  watchdog node state changed from [JOINING] to [PARTICIPATING IN ELECTION]
2025-06-08 23:14:08.258: watchdog pid 10: LOG:  watchdog node state changed from [PARTICIPATING IN ELECTION] to [INITIALIZING]
2025-06-08 23:14:08.258: watchdog pid 10: LOG:  setting the remote node "pgpool0:5430 Linux pgpool0" as watchdog cluster leader
2025-06-08 23:14:08.823: watchdog pid 10: LOG:  unable to process the get data request received on IPC interface
2025-06-08 23:14:08.823: watchdog pid 10: DETAIL:  this watchdog node has not joined the cluster yet
2025-06-08 23:14:08.823: watchdog pid 10: HINT:  try again in few seconds
2025-06-08 23:14:08.823: sr_check_worker pid 132: WARNING:  get backend node status from leader watchdog failed
2025-06-08 23:14:08.823: sr_check_worker pid 132: DETAIL:  watchdog cluster is not in stable state
2025-06-08 23:14:08.823: sr_check_worker pid 132: HINT:  try again when the cluster is fully initialized
2025-06-08 23:14:09.824: watchdog pid 10: LOG:  watchdog node state changed from [INITIALIZING] to [STANDBY]
2025-06-08 23:14:09.824: watchdog pid 10: LOG:  signal_user1_to_parent_with_reason(1)
2025-06-08 23:14:09.824: watchdog pid 10: LOG:  successfully joined the watchdog cluster as standby node
2025-06-08 23:14:09.824: watchdog pid 10: DETAIL:  our join coordinator request is accepted by cluster leader node "pgpool0:5430 Linux pgpool0"
2025-06-08 23:14:09.824: main pid 6: LOG:  Pgpool-II parent process received SIGUSR1
2025-06-08 23:14:09.824: main pid 6: LOG:  Pgpool-II parent process received watchdog state change signal from watchdog
2025-06-08 23:14:09.824: main pid 6: LOG:  we have joined the watchdog cluster as STANDBY node
2025-06-08 23:14:09.824: main pid 6: DETAIL:  syncing the backend states from the LEADER watchdog node
2025-06-08 23:14:09.825: watchdog pid 10: LOG:  signal_user1_to_parent_with_reason(3)
2025-06-08 23:14:09.825: main pid 6: LOG:  leader watchdog node "pgpool0:5430 Linux pgpool0" returned status for 3 backend nodes
2025-06-08 23:14:09.825: main pid 6: LOG:  backend:0 is set to UP status
2025-06-08 23:14:09.825: main pid 6: DETAIL:  backend:0 is UP on cluster leader "pgpool0:5430 Linux pgpool0"
2025-06-08 23:14:09.825: main pid 6: LOG:  backend:1 is set to UP status
2025-06-08 23:14:09.825: main pid 6: DETAIL:  backend:1 is UP on cluster leader "pgpool0:5430 Linux pgpool0"
2025-06-08 23:14:09.825: main pid 6: LOG:  backend:2 is set to UP status
2025-06-08 23:14:09.825: main pid 6: DETAIL:  backend:2 is UP on cluster leader "pgpool0:5430 Linux pgpool0"
2025-06-08 23:14:09.825: main pid 6: LOG:  backend nodes status remains same after the sync from "pgpool0:5430 Linux pgpool0"
2025-06-08 23:14:09.825: main pid 6: LOG:  Pgpool-II parent process received SIGUSR1
2025-06-08 23:14:09.825: main pid 6: LOG:  Pgpool-II parent process received watchdog quorum change signal from watchdog
2025-06-08 23:14:09.825: main pid 6: LOG:  watchdog cluster now holds the quorum
2025-06-08 23:14:09.825: main pid 6: DETAIL:  updating the state of quarantine backend nodes
2025-06-08 23:14:11.731: child pid 41: LOG:  using clear text authentication with frontend
2025-06-08 23:14:11.731: child pid 41: DETAIL:  backend will still use md5 auth
2025-06-08 23:14:11.731: child pid 41: HINT:  you can disable this behavior by setting allow_clear_text_frontend_auth to off
2025-06-08 23:14:16.832: watchdog pid 10: LOG:  new outbound connection to pgpool0:9000 
2025-06-08 23:14:21.779: child pid 44: LOG:  using clear text authentication with frontend
2025-06-08 23:14:21.779: child pid 44: DETAIL:  backend will still use md5 auth
2025-06-08 23:14:21.779: child pid 44: HINT:  you can disable this behavior by setting allow_clear_text_frontend_auth to off
2025-06-08 23:14:31.840: child pid 115: LOG:  using clear text authentication with frontend
2025-06-08 23:14:31.840: child pid 115: DETAIL:  backend will still use md5 auth
2025-06-08 23:14:31.840: child pid 115: HINT:  you can disable this behavior by setting allow_clear_text_frontend_auth to off
2025-06-08 23:14:34.804: psql pid 44: LOG:  using clear text authentication with frontend
2025-06-08 23:14:34.804: psql pid 44: DETAIL:  backend will still use md5 auth
2025-06-08 23:14:34.804: psql pid 44: HINT:  you can disable this behavior by setting allow_clear_text_frontend_auth to off
2025-06-08 23:14:41.904: child pid 86: LOG:  using clear text authentication with frontend
2025-06-08 23:14:41.904: child pid 86: DETAIL:  backend will still use md5 auth
2025-06-08 23:14:41.904: child pid 86: HINT:  you can disable this behavior by setting allow_clear_text_frontend_auth to off
2025-06-08 23:14:45.730: psql pid 59: LOG:  using clear text authentication with frontend
2025-06-08 23:14:45.730: psql pid 59: DETAIL:  backend will still use md5 auth
2025-06-08 23:14:45.730: psql pid 59: HINT:  you can disable this behavior by setting allow_clear_text_frontend_auth to off
2025-06-08 23:14:51.961: È ÏNhq pid 104: LOG:  using clear text authentication with frontend
2025-06-08 23:14:51.961: È ÏNhq pid 104: DETAIL:  backend will still use md5 auth
2025-06-08 23:14:51.961: È ÏNhq pid 104: HINT:  you can disable this behavior by setting allow_clear_text_frontend_auth to off
2025-06-08 23:15:02.017: child pid 126: LOG:  using clear text authentication with frontend
2025-06-08 23:15:02.017: child pid 126: DETAIL:  backend will still use md5 auth
2025-06-08 23:15:02.017: child pid 126: HINT:  you can disable this behavior by setting allow_clear_text_frontend_auth to off
2025-06-08 23:15:12.081: child pid 92: LOG:  using clear text authentication with frontend
2025-06-08 23:15:12.081: child pid 92: DETAIL:  backend will still use md5 auth
2025-06-08 23:15:12.081: child pid 92: HINT:  you can disable this behavior by setting allow_clear_text_frontend_auth to off
2025-06-08 23:15:22.129: psql pid 104: LOG:  using clear text authentication with frontend
2025-06-08 23:15:22.129: psql pid 104: DETAIL:  backend will still use md5 auth
2025-06-08 23:15:22.129: psql pid 104: HINT:  you can disable this behavior by setting allow_clear_text_frontend_auth to off
2025-06-08 23:15:32.192: child pid 123: LOG:  using clear text authentication with frontend
2025-06-08 23:15:32.192: child pid 123: DETAIL:  backend will still use md5 auth
2025-06-08 23:15:32.192: child pid 123: HINT:  you can disable this behavior by setting allow_clear_text_frontend_auth to off
2025-06-08 23:15:42.287: psql pid 123: LOG:  using clear text authentication with frontend
2025-06-08 23:15:42.287: psql pid 123: DETAIL:  backend will still use md5 auth
2025-06-08 23:15:42.287: psql pid 123: HINT:  you can disable this behavior by setting allow_clear_text_frontend_auth to off
2025-06-08 23:15:42.898: watchdog pid 10: LOG:  read from socket failed, remote end closed the connection
2025-06-08 23:15:42.898: watchdog pid 10: LOG:  client socket of pgpool0:5430 Linux pgpool0 is closed
2025-06-08 23:15:42.898: watchdog pid 10: LOG:  read from socket failed, remote end closed the connection
2025-06-08 23:15:42.898: watchdog pid 10: LOG:  outbound socket of pgpool0:5430 Linux pgpool0 is closed
2025-06-08 23:15:42.899: watchdog pid 10: LOG:  remote node "pgpool0:5430 Linux pgpool0" is not reachable
2025-06-08 23:15:42.899: watchdog pid 10: DETAIL:  marking the node as lost
2025-06-08 23:15:42.899: watchdog pid 10: LOG:  remote node "pgpool0:5430 Linux pgpool0" is lost
2025-06-08 23:15:42.899: watchdog pid 10: LOG:  watchdog cluster has lost the coordinator node
2025-06-08 23:15:42.899: watchdog pid 10: LOG:  removing the remote node "pgpool0:5430 Linux pgpool0" from watchdog cluster leader
2025-06-08 23:15:42.899: watchdog pid 10: LOG:  We have lost the cluster leader node "pgpool0:5430 Linux pgpool0"
2025-06-08 23:15:42.899: watchdog pid 10: LOG:  watchdog node state changed from [STANDBY] to [JOINING]
2025-06-08 23:15:43.532: heart_beat_sender pid 30: WARNING:  failed to get address from watchdog heartbeat hostname
2025-06-08 23:15:43.532: heart_beat_sender pid 30: DETAIL:  getaddrinfo() failed: Temporary failure in name resolution
2025-06-08 23:15:46.903: watchdog pid 10: LOG:  watchdog node state changed from [JOINING] to [INITIALIZING]
2025-06-08 23:15:47.904: watchdog pid 10: LOG:  I am the only alive node in the watchdog cluster
2025-06-08 23:15:47.904: watchdog pid 10: HINT:  skipping stand for coordinator state
2025-06-08 23:15:47.904: watchdog pid 10: LOG:  watchdog node state changed from [INITIALIZING] to [LEADER]
2025-06-08 23:15:47.904: watchdog pid 10: LOG:  Setting failover command timeout to 7
2025-06-08 23:15:47.904: watchdog pid 10: LOG:  I am announcing my self as leader/coordinator watchdog node
2025-06-08 23:15:48.934: watchdog pid 10: LOG:  unable to process the get data request received on IPC interface
2025-06-08 23:15:48.934: watchdog pid 10: DETAIL:  this watchdog node has not joined the cluster yet
2025-06-08 23:15:48.934: watchdog pid 10: HINT:  try again in few seconds
2025-06-08 23:15:48.934: sr_check_worker pid 132: WARNING:  get backend node status from leader watchdog failed
2025-06-08 23:15:48.934: sr_check_worker pid 132: DETAIL:  watchdog cluster is not in stable state
2025-06-08 23:15:48.934: sr_check_worker pid 132: HINT:  try again when the cluster is fully initialized
2025-06-08 23:15:51.937: watchdog pid 10: LOG:  I am the cluster leader node
2025-06-08 23:15:51.937: watchdog pid 10: DETAIL:  our declare coordinator message is accepted by all nodes
2025-06-08 23:15:51.937: watchdog pid 10: LOG:  setting the local node "pgpool1:5431 Linux pgpool1" as watchdog cluster leader
2025-06-08 23:15:51.937: watchdog pid 10: LOG:  signal_user1_to_parent_with_reason(1)
2025-06-08 23:15:51.937: watchdog pid 10: LOG:  I am the cluster leader node but we do not have enough nodes in cluster
2025-06-08 23:15:51.937: watchdog pid 10: DETAIL:  waiting for the quorum to start escalation process
2025-06-08 23:15:51.937: main pid 6: LOG:  Pgpool-II parent process received SIGUSR1
2025-06-08 23:15:51.937: main pid 6: LOG:  Pgpool-II parent process received watchdog state change signal from watchdog
2025-06-08 23:15:52.385: child pid 120: LOG:  using clear text authentication with frontend
2025-06-08 23:15:52.385: child pid 120: DETAIL:  backend will still use md5 auth
2025-06-08 23:15:52.385: child pid 120: HINT:  you can disable this behavior by setting allow_clear_text_frontend_auth to off
2025-06-08 23:15:53.941: watchdog pid 10: ERROR:  getaddrinfo failed with error "Temporary failure in name resolution"
2025-06-08 23:15:54.943: watchdog pid 10: ERROR:  getaddrinfo failed with error "Temporary failure in name resolution"
2025-06-08 23:15:57.238: watchdog pid 10: LOG:  new watchdog node connection is received from "172.21.0.8:45192"
2025-06-08 23:15:57.238: watchdog pid 10: LOG:  new node joined the cluster hostname:"pgpool0" port:9000 pgpool_port:5430
2025-06-08 23:15:57.238: watchdog pid 10: DETAIL:  Pgpool-II version:"4.6.1" watchdog messaging version: 1.2
2025-06-08 23:15:57.238: watchdog pid 10: LOG:  The newly joined node:"pgpool0:5430 Linux pgpool0" had left the cluster because it was lost
2025-06-08 23:15:57.238: watchdog pid 10: DETAIL:  lost reason was "NOT REACHABLE" and startup time diff = 110
2025-06-08 23:15:57.238: watchdog pid 10: LOG:  remote node "pgpool0:5430 Linux pgpool0" became reachable again
2025-06-08 23:15:57.238: watchdog pid 10: DETAIL:  requesting the node info
2025-06-08 23:15:57.239: watchdog pid 10: LOG:  remote node "pgpool0:5430 Linux pgpool0" is reachable again
2025-06-08 23:15:57.239: watchdog pid 10: DETAIL:  trying to add it back as a standby
2025-06-08 23:15:58.239: watchdog pid 10: LOG:  adding watchdog node "pgpool0:5430 Linux pgpool0" to the standby list
2025-06-08 23:15:58.239: watchdog pid 10: LOG:  quorum found
2025-06-08 23:15:58.239: watchdog pid 10: DETAIL:  starting escalation process
2025-06-08 23:15:58.240: watchdog pid 10: LOG:  escalation process started with PID:336
2025-06-08 23:15:58.240: watchdog pid 10: LOG:  signal_user1_to_parent_with_reason(3)
2025-06-08 23:15:58.240: watchdog_utility pid 336: LOG:  watchdog: escalation started
2025-06-08 23:15:58.240: main pid 6: LOG:  Pgpool-II parent process received SIGUSR1
2025-06-08 23:15:58.240: main pid 6: LOG:  Pgpool-II parent process received watchdog quorum change signal from watchdog
2025-06-08 23:15:58.240: watchdog pid 10: LOG:  Setting failover command timeout to 7
2025-06-08 23:15:58.240: main pid 6: LOG:  watchdog cluster now holds the quorum
2025-06-08 23:15:58.240: main pid 6: DETAIL:  updating the state of quarantine backend nodes
2025-06-08 23:15:58.241: watchdog pid 10: LOG:  watchdog escalation process with pid: 336 exit with SUCCESS.
2025-06-08 23:16:02.536: psql pid 66: LOG:  using clear text authentication with frontend
2025-06-08 23:16:02.536: psql pid 66: DETAIL:  backend will still use md5 auth
2025-06-08 23:16:02.536: psql pid 66: HINT:  you can disable this behavior by setting allow_clear_text_frontend_auth to off
2025-06-08 23:16:06.957: watchdog pid 10: LOG:  new outbound connection to pgpool0:9000 
2025-06-08 23:16:09.044: child pid 130: LOG:  using clear text authentication with frontend
2025-06-08 23:16:09.044: child pid 130: DETAIL:  backend will still use md5 auth
2025-06-08 23:16:09.044: child pid 130: HINT:  you can disable this behavior by setting allow_clear_text_frontend_auth to off
2025-06-08 23:16:12.614: psql pid 66: LOG:  using clear text authentication with frontend
2025-06-08 23:16:12.614: psql pid 66: DETAIL:  backend will still use md5 auth
2025-06-08 23:16:12.614: psql pid 66: HINT:  you can disable this behavior by setting allow_clear_text_frontend_auth to off
2025-06-08 23:16:22.682: psql pid 128: LOG:  using clear text authentication with frontend
2025-06-08 23:16:22.682: psql pid 128: DETAIL:  backend will still use md5 auth
2025-06-08 23:16:22.682: psql pid 128: HINT:  you can disable this behavior by setting allow_clear_text_frontend_auth to off
2025-06-08 23:16:32.752: È ÏNhq pid 82: LOG:  using clear text authentication with frontend
2025-06-08 23:16:32.752: È ÏNhq pid 82: DETAIL:  backend will still use md5 auth
2025-06-08 23:16:32.752: È ÏNhq pid 82: HINT:  you can disable this behavior by setting allow_clear_text_frontend_auth to off
2025-06-08 23:16:42.816: È ÏNhq pid 44: LOG:  using clear text authentication with frontend
2025-06-08 23:16:42.816: È ÏNhq pid 44: DETAIL:  backend will still use md5 auth
2025-06-08 23:16:42.816: È ÏNhq pid 44: HINT:  you can disable this behavior by setting allow_clear_text_frontend_auth to off
2025-06-08 23:16:52.876: child pid 116: LOG:  using clear text authentication with frontend
2025-06-08 23:16:52.876: child pid 116: DETAIL:  backend will still use md5 auth
2025-06-08 23:16:52.876: child pid 116: HINT:  you can disable this behavior by setting allow_clear_text_frontend_auth to off
2025-06-08 23:17:02.934: child pid 56: LOG:  using clear text authentication with frontend
2025-06-08 23:17:02.934: child pid 56: DETAIL:  backend will still use md5 auth
2025-06-08 23:17:02.934: child pid 56: HINT:  you can disable this behavior by setting allow_clear_text_frontend_auth to off
2025-06-08 23:17:12.984: psql pid 88: LOG:  using clear text authentication with frontend
2025-06-08 23:17:12.984: psql pid 88: DETAIL:  backend will still use md5 auth
2025-06-08 23:17:12.984: psql pid 88: HINT:  you can disable this behavior by setting allow_clear_text_frontend_auth to off
2025-06-08 23:17:23.035: child pid 81: LOG:  using clear text authentication with frontend
2025-06-08 23:17:23.035: child pid 81: DETAIL:  backend will still use md5 auth
2025-06-08 23:17:23.035: child pid 81: HINT:  you can disable this behavior by setting allow_clear_text_frontend_auth to off
2025-06-08 23:17:33.088: child pid 72: LOG:  using clear text authentication with frontend
2025-06-08 23:17:33.088: child pid 72: DETAIL:  backend will still use md5 auth
2025-06-08 23:17:33.088: child pid 72: HINT:  you can disable this behavior by setting allow_clear_text_frontend_auth to off
2025-06-08 23:17:43.140: psql pid 72: LOG:  using clear text authentication with frontend
2025-06-08 23:17:43.140: psql pid 72: DETAIL:  backend will still use md5 auth
2025-06-08 23:17:43.140: psql pid 72: HINT:  you can disable this behavior by setting allow_clear_text_frontend_auth to off
2025-06-08 23:17:53.206: child pid 68: LOG:  using clear text authentication with frontend
2025-06-08 23:17:53.206: child pid 68: DETAIL:  backend will still use md5 auth
2025-06-08 23:17:53.206: child pid 68: HINT:  you can disable this behavior by setting allow_clear_text_frontend_auth to off
2025-06-08 23:18:03.268: psql pid 86: LOG:  using clear text authentication with frontend
2025-06-08 23:18:03.268: psql pid 86: DETAIL:  backend will still use md5 auth
2025-06-08 23:18:03.268: psql pid 86: HINT:  you can disable this behavior by setting allow_clear_text_frontend_auth to off
2025-06-08 23:18:13.315: È ÏNhq pid 59: LOG:  using clear text authentication with frontend
2025-06-08 23:18:13.315: È ÏNhq pid 59: DETAIL:  backend will still use md5 auth
2025-06-08 23:18:13.315: È ÏNhq pid 59: HINT:  you can disable this behavior by setting allow_clear_text_frontend_auth to off
2025-06-08 23:18:23.365: psql pid 59: LOG:  using clear text authentication with frontend
2025-06-08 23:18:23.365: psql pid 59: DETAIL:  backend will still use md5 auth
2025-06-08 23:18:23.365: psql pid 59: HINT:  you can disable this behavior by setting allow_clear_text_frontend_auth to off
2025-06-08 23:18:33.425: child pid 127: LOG:  using clear text authentication with frontend
2025-06-08 23:18:33.425: child pid 127: DETAIL:  backend will still use md5 auth
2025-06-08 23:18:33.425: child pid 127: HINT:  you can disable this behavior by setting allow_clear_text_frontend_auth to off
2025-06-08 23:18:34.450: psql pid 127: LOG:  using clear text authentication with frontend
2025-06-08 23:18:34.450: psql pid 127: DETAIL:  backend will still use md5 auth
2025-06-08 23:18:34.450: psql pid 127: HINT:  you can disable this behavior by setting allow_clear_text_frontend_auth to off
2025-06-08 23:18:34.472: psql pid 92: LOG:  using clear text authentication with frontend
2025-06-08 23:18:34.472: psql pid 92: DETAIL:  backend will still use md5 auth
2025-06-08 23:18:34.472: psql pid 92: HINT:  you can disable this behavior by setting allow_clear_text_frontend_auth to off
2025-06-08 23:18:35.226: child pid 97: LOG:  using clear text authentication with frontend
2025-06-08 23:18:35.226: child pid 97: DETAIL:  backend will still use md5 auth
2025-06-08 23:18:35.226: child pid 97: HINT:  you can disable this behavior by setting allow_clear_text_frontend_auth to off
2025-06-08 23:18:43.491: È ÏNhq pid 111: LOG:  using clear text authentication with frontend
2025-06-08 23:18:43.491: È ÏNhq pid 111: DETAIL:  backend will still use md5 auth
2025-06-08 23:18:43.491: È ÏNhq pid 111: HINT:  you can disable this behavior by setting allow_clear_text_frontend_auth to off
2025-06-08 23:18:46.335: child pid 74: LOG:  using clear text authentication with frontend
2025-06-08 23:18:46.335: child pid 74: DETAIL:  backend will still use md5 auth
2025-06-08 23:18:46.335: child pid 74: HINT:  you can disable this behavior by setting allow_clear_text_frontend_auth to off
2025-06-08 23:18:53.553: psql pid 59: LOG:  using clear text authentication with frontend
2025-06-08 23:18:53.553: psql pid 59: DETAIL:  backend will still use md5 auth
2025-06-08 23:18:53.553: psql pid 59: HINT:  you can disable this behavior by setting allow_clear_text_frontend_auth to off
2025-06-08 23:18:55.438: child pid 36: LOG:  using clear text authentication with frontend
2025-06-08 23:18:55.438: child pid 36: DETAIL:  backend will still use md5 auth
2025-06-08 23:18:55.438: child pid 36: HINT:  you can disable this behavior by setting allow_clear_text_frontend_auth to off
2025-06-08 23:18:55.462: child pid 100: LOG:  using clear text authentication with frontend
2025-06-08 23:18:55.462: child pid 100: DETAIL:  backend will still use md5 auth
2025-06-08 23:18:55.462: child pid 100: HINT:  you can disable this behavior by setting allow_clear_text_frontend_auth to off
2025-06-08 23:19:03.605: psql pid 112: LOG:  using clear text authentication with frontend
2025-06-08 23:19:03.605: psql pid 112: DETAIL:  backend will still use md5 auth
2025-06-08 23:19:03.605: psql pid 112: HINT:  you can disable this behavior by setting allow_clear_text_frontend_auth to off
2025-06-08 23:19:13.688: psql pid 128: LOG:  using clear text authentication with frontend
2025-06-08 23:19:13.688: psql pid 128: DETAIL:  backend will still use md5 auth
2025-06-08 23:19:13.688: psql pid 128: HINT:  you can disable this behavior by setting allow_clear_text_frontend_auth to off
2025-06-08 23:19:23.751: psql pid 128: LOG:  using clear text authentication with frontend
2025-06-08 23:19:23.751: psql pid 128: DETAIL:  backend will still use md5 auth
2025-06-08 23:19:23.751: psql pid 128: HINT:  you can disable this behavior by setting allow_clear_text_frontend_auth to off
2025-06-08 23:19:33.818: psql pid 128: LOG:  using clear text authentication with frontend
2025-06-08 23:19:33.818: psql pid 128: DETAIL:  backend will still use md5 auth
2025-06-08 23:19:33.818: psql pid 128: HINT:  you can disable this behavior by setting allow_clear_text_frontend_auth to off
2025-06-08 23:19:43.877: psql pid 85: LOG:  using clear text authentication with frontend
2025-06-08 23:19:43.877: psql pid 85: DETAIL:  backend will still use md5 auth
2025-06-08 23:19:43.877: psql pid 85: HINT:  you can disable this behavior by setting allow_clear_text_frontend_auth to off
2025-06-08 23:19:53.924: psql pid 85: LOG:  using clear text authentication with frontend
2025-06-08 23:19:53.924: psql pid 85: DETAIL:  backend will still use md5 auth
2025-06-08 23:19:53.924: psql pid 85: HINT:  you can disable this behavior by setting allow_clear_text_frontend_auth to off
2025-06-08 23:20:03.988: child pid 98: LOG:  using clear text authentication with frontend
2025-06-08 23:20:03.988: child pid 98: DETAIL:  backend will still use md5 auth
2025-06-08 23:20:03.988: child pid 98: HINT:  you can disable this behavior by setting allow_clear_text_frontend_auth to off
2025-06-08 23:20:14.060: child pid 69: LOG:  using clear text authentication with frontend
2025-06-08 23:20:14.060: child pid 69: DETAIL:  backend will still use md5 auth
2025-06-08 23:20:14.060: child pid 69: HINT:  you can disable this behavior by setting allow_clear_text_frontend_auth to off
2025-06-08 23:20:24.122: child pid 83: LOG:  using clear text authentication with frontend
2025-06-08 23:20:24.122: child pid 83: DETAIL:  backend will still use md5 auth
2025-06-08 23:20:24.122: child pid 83: HINT:  you can disable this behavior by setting allow_clear_text_frontend_auth to off
2025-06-08 23:20:34.188: child pid 55: LOG:  using clear text authentication with frontend
2025-06-08 23:20:34.188: child pid 55: DETAIL:  backend will still use md5 auth
2025-06-08 23:20:34.188: child pid 55: HINT:  you can disable this behavior by setting allow_clear_text_frontend_auth to off
2025-06-08 23:20:44.247: psql pid 44: LOG:  using clear text authentication with frontend
2025-06-08 23:20:44.247: psql pid 44: DETAIL:  backend will still use md5 auth
2025-06-08 23:20:44.247: psql pid 44: HINT:  you can disable this behavior by setting allow_clear_text_frontend_auth to off
2025-06-08 23:20:54.298: child pid 32: LOG:  using clear text authentication with frontend
2025-06-08 23:20:54.298: child pid 32: DETAIL:  backend will still use md5 auth
2025-06-08 23:20:54.298: child pid 32: HINT:  you can disable this behavior by setting allow_clear_text_frontend_auth to off
2025-06-08 23:21:04.349: psql pid 32: LOG:  using clear text authentication with frontend
2025-06-08 23:21:04.349: psql pid 32: DETAIL:  backend will still use md5 auth
2025-06-08 23:21:04.349: psql pid 32: HINT:  you can disable this behavior by setting allow_clear_text_frontend_auth to off
2025-06-08 23:21:14.396: psql pid 32: LOG:  using clear text authentication with frontend
2025-06-08 23:21:14.397: psql pid 32: DETAIL:  backend will still use md5 auth
2025-06-08 23:21:14.397: psql pid 32: HINT:  you can disable this behavior by setting allow_clear_text_frontend_auth to off
2025-06-08 23:21:24.442: child pid 102: LOG:  using clear text authentication with frontend
2025-06-08 23:21:24.442: child pid 102: DETAIL:  backend will still use md5 auth
2025-06-08 23:21:24.442: child pid 102: HINT:  you can disable this behavior by setting allow_clear_text_frontend_auth to off
2025-06-08 23:21:34.500: child pid 73: LOG:  using clear text authentication with frontend
2025-06-08 23:21:34.500: child pid 73: DETAIL:  backend will still use md5 auth
2025-06-08 23:21:34.500: child pid 73: HINT:  you can disable this behavior by setting allow_clear_text_frontend_auth to off
2025-06-08 23:21:44.565: psql pid 102: LOG:  using clear text authentication with frontend
2025-06-08 23:21:44.565: psql pid 102: DETAIL:  backend will still use md5 auth
2025-06-08 23:21:44.565: psql pid 102: HINT:  you can disable this behavior by setting allow_clear_text_frontend_auth to off
2025-06-08 23:21:54.613: psql pid 86: LOG:  using clear text authentication with frontend
2025-06-08 23:21:54.613: psql pid 86: DETAIL:  backend will still use md5 auth
2025-06-08 23:21:54.613: psql pid 86: HINT:  you can disable this behavior by setting allow_clear_text_frontend_auth to off
2025-06-08 23:22:04.656: psql pid 104: LOG:  using clear text authentication with frontend
2025-06-08 23:22:04.656: psql pid 104: DETAIL:  backend will still use md5 auth
2025-06-08 23:22:04.656: psql pid 104: HINT:  you can disable this behavior by setting allow_clear_text_frontend_auth to off
2025-06-08 23:22:14.707: psql pid 104: LOG:  using clear text authentication with frontend
2025-06-08 23:22:14.707: psql pid 104: DETAIL:  backend will still use md5 auth
2025-06-08 23:22:14.707: psql pid 104: HINT:  you can disable this behavior by setting allow_clear_text_frontend_auth to off
2025-06-08 23:22:24.804: È ÏNhq pid 79: LOG:  using clear text authentication with frontend
2025-06-08 23:22:24.804: È ÏNhq pid 79: DETAIL:  backend will still use md5 auth
2025-06-08 23:22:24.804: È ÏNhq pid 79: HINT:  you can disable this behavior by setting allow_clear_text_frontend_auth to off
2025-06-08 23:22:34.867: psql pid 79: LOG:  using clear text authentication with frontend
2025-06-08 23:22:34.867: psql pid 79: DETAIL:  backend will still use md5 auth
2025-06-08 23:22:34.867: psql pid 79: HINT:  you can disable this behavior by setting allow_clear_text_frontend_auth to off
2025-06-08 23:22:44.928: psql pid 59: LOG:  using clear text authentication with frontend
2025-06-08 23:22:44.928: psql pid 59: DETAIL:  backend will still use md5 auth
2025-06-08 23:22:44.928: psql pid 59: HINT:  you can disable this behavior by setting allow_clear_text_frontend_auth to off
2025-06-08 23:22:54.978: child pid 441: LOG:  using clear text authentication with frontend
2025-06-08 23:22:54.978: child pid 441: DETAIL:  backend will still use md5 auth
2025-06-08 23:22:54.978: child pid 441: HINT:  you can disable this behavior by setting allow_clear_text_frontend_auth to off
